<?xml version="1.0" encoding="UTF-8"?>
<testsuite xmlns:xsi="http://www.w3.org/2001/XMLSchema-instance" xsi:noNamespaceSchemaLocation="https://maven.apache.org/surefire/maven-surefire-plugin/xsd/surefire-test-report-3.0.xsd" version="3.0" name="com.financehw.kernius.acceptance.LoanAcceptanceTests" time="5.822" tests="5" errors="0" skipped="0" failures="0">
  <properties>
[...]
</properties>
  <testcase name="applyForLoan_fail_maxAmountOfApplicationsPerDayPerRequest" classname="com.financehw.kernius.acceptance.LoanAcceptanceTests" time="1.503">
    <system-out><![CDATA[2024-03-28T02:40:28.159+02:00  INFO 20142 --- [           main] t.c.s.AnnotationConfigContextLoaderUtils : Could not detect default configuration classes for test class [com.financehw.kernius.acceptance.LoanAcceptanceTests]: LoanAcceptanceTests does not declare any static, non-private, non-final, nested classes annotated with @Configuration.
2024-03-28T02:40:28.189+02:00  INFO 20142 --- [           main] .b.t.c.SpringBootTestContextBootstrapper : Found @SpringBootConfiguration com.financehw.kernius.KerniusApplication for test class com.financehw.kernius.acceptance.LoanAcceptanceTests
2024-03-28T02:40:28.247+02:00  INFO 20142 --- [           main] j.LocalContainerEntityManagerFactoryBean : Closing JPA EntityManagerFactory for persistence unit 'default'
2024-03-28T02:40:28.250+02:00  INFO 20142 --- [           main] com.zaxxer.hikari.HikariDataSource       : HikariPool-3 - Shutdown initiated...
2024-03-28T02:40:28.258+02:00  INFO 20142 --- [           main] com.zaxxer.hikari.HikariDataSource       : HikariPool-3 - Shutdown completed.

  .   ____          _            __ _ _
 /\\ / ___'_ __ _ _(_)_ __  __ _ \ \ \ \
( ( )\___ | '_ | '_| | '_ \/ _` | \ \ \ \
 \\/  ___)| |_)| | | | | || (_| |  ) ) ) )
  '  |____| .__|_| |_|_| |_\__, | / / / /
 =========|_|==============|___/=/_/_/_/
 :: Spring Boot ::                (v3.2.3)

2024-03-28T02:40:28.391+02:00  INFO 20142 --- [           main] c.f.k.acceptance.LoanAcceptanceTests     : Starting LoanAcceptanceTests using Java 18.0.2.1 with PID 20142 (started by kernius in /Users/kernius/Downloads/kernius)
2024-03-28T02:40:28.392+02:00  INFO 20142 --- [           main] c.f.k.acceptance.LoanAcceptanceTests     : The following 1 profile is active: "test"
2024-03-28T02:40:28.695+02:00  INFO 20142 --- [           main] .s.d.r.c.RepositoryConfigurationDelegate : Bootstrapping Spring Data JPA repositories in DEFAULT mode.
2024-03-28T02:40:28.719+02:00  INFO 20142 --- [           main] .s.d.r.c.RepositoryConfigurationDelegate : Finished Spring Data repository scanning in 21 ms. Found 3 JPA repository interfaces.
2024-03-28T02:40:28.824+02:00  INFO 20142 --- [           main] o.s.b.w.embedded.tomcat.TomcatWebServer  : Tomcat initialized with port 0 (http)
2024-03-28T02:40:28.826+02:00  INFO 20142 --- [           main] o.apache.catalina.core.StandardService   : Starting service [Tomcat]
2024-03-28T02:40:28.826+02:00  INFO 20142 --- [           main] o.apache.catalina.core.StandardEngine    : Starting Servlet engine: [Apache Tomcat/10.1.19]
2024-03-28T02:40:28.841+02:00  INFO 20142 --- [           main] o.a.c.c.C.[Tomcat].[localhost].[/]       : Initializing Spring embedded WebApplicationContext
2024-03-28T02:40:28.841+02:00  INFO 20142 --- [           main] w.s.c.ServletWebServerApplicationContext : Root WebApplicationContext: initialization completed in 444 ms
2024-03-28T02:40:28.890+02:00  INFO 20142 --- [           main] com.zaxxer.hikari.HikariDataSource       : HikariPool-4 - Starting...
2024-03-28T02:40:28.905+02:00  INFO 20142 --- [           main] com.zaxxer.hikari.pool.HikariPool        : HikariPool-4 - Added connection conn30: url=jdbc:h2:mem:document-collector user=SA
2024-03-28T02:40:28.906+02:00  INFO 20142 --- [           main] com.zaxxer.hikari.HikariDataSource       : HikariPool-4 - Start completed.
2024-03-28T02:40:28.917+02:00  INFO 20142 --- [           main] org.flywaydb.core.FlywayExecutor         : Database: jdbc:h2:mem:document-collector (H2 2.2)
2024-03-28T02:40:28.922+02:00  WARN 20142 --- [           main] o.f.c.internal.database.base.Database    : Flyway upgrade recommended: H2 2.2.224 is newer than this version of Flyway and support has not been tested. The latest supported version of H2 is 2.2.220.
2024-03-28T02:40:28.927+02:00  INFO 20142 --- [           main] o.f.c.i.s.JdbcTableSchemaHistory         : Schema history table "PUBLIC"."flyway_schema_history" does not exist yet
2024-03-28T02:40:28.928+02:00  INFO 20142 --- [           main] o.f.core.internal.command.DbValidate     : Successfully validated 2 migrations (execution time 00:00.004s)
2024-03-28T02:40:28.930+02:00  INFO 20142 --- [           main] o.f.c.i.s.JdbcTableSchemaHistory         : Creating Schema History table "PUBLIC"."flyway_schema_history" ...
2024-03-28T02:40:28.946+02:00  INFO 20142 --- [           main] o.f.core.internal.command.DbMigrate      : Current version of schema "PUBLIC": << Empty Schema >>
2024-03-28T02:40:28.948+02:00  INFO 20142 --- [           main] o.f.core.internal.command.DbMigrate      : Migrating schema "PUBLIC" to version "1 - initial-schema"
2024-03-28T02:40:28.966+02:00  INFO 20142 --- [           main] o.f.core.internal.command.DbMigrate      : Migrating schema "PUBLIC" to version "1.2 - insert-test-data"
2024-03-28T02:40:28.973+02:00  INFO 20142 --- [           main] o.f.core.internal.command.DbMigrate      : Successfully applied 2 migrations to schema "PUBLIC", now at version v1.2 (execution time 00:00.012s)
2024-03-28T02:40:28.992+02:00  INFO 20142 --- [           main] o.hibernate.jpa.internal.util.LogHelper  : HHH000204: Processing PersistenceUnitInfo [name: default]
2024-03-28T02:40:28.996+02:00  INFO 20142 --- [           main] o.h.c.internal.RegionFactoryInitiator    : HHH000026: Second-level cache disabled
2024-03-28T02:40:29.001+02:00  INFO 20142 --- [           main] o.s.o.j.p.SpringPersistenceUnitInfo      : No LoadTimeWeaver setup: ignoring JPA class transformer
2024-03-28T02:40:29.002+02:00  WARN 20142 --- [           main] org.hibernate.orm.deprecation            : HHH90000025: H2Dialect does not need to be specified explicitly using 'hibernate.dialect' (remove the property setting and it will be selected by default)
2024-03-28T02:40:29.123+02:00  INFO 20142 --- [           main] o.h.e.t.j.p.i.JtaPlatformInitiator       : HHH000489: No JTA platform available (set 'hibernate.transaction.jta.platform' to enable JTA platform integration)
2024-03-28T02:40:29.124+02:00  INFO 20142 --- [           main] j.LocalContainerEntityManagerFactoryBean : Initialized JPA EntityManagerFactory for persistence unit 'default'
2024-03-28T02:40:29.254+02:00  WARN 20142 --- [           main] JpaBaseConfiguration$JpaWebConfiguration : spring.jpa.open-in-view is enabled by default. Therefore, database queries may be performed during view rendering. Explicitly configure spring.jpa.open-in-view to disable this warning
2024-03-28T02:40:29.264+02:00  WARN 20142 --- [           main] .s.s.UserDetailsServiceAutoConfiguration : 

Using generated security password: 46e846df-1c99-4612-b501-8196426cd575

This generated password is for development use only. Your security configuration must be updated before running your application in production.

2024-03-28T02:40:29.444+02:00  INFO 20142 --- [           main] o.s.s.web.DefaultSecurityFilterChain     : Will secure any request with [org.springframework.security.web.session.DisableEncodeUrlFilter@40ea25b0, org.springframework.security.web.context.request.async.WebAsyncManagerIntegrationFilter@3651c4cd, org.springframework.security.web.context.SecurityContextHolderFilter@2235153c, org.springframework.security.web.header.HeaderWriterFilter@6a71e941, org.springframework.web.filter.CorsFilter@791fc5c3, org.springframework.security.web.authentication.logout.LogoutFilter@2eeb14d4, org.springframework.security.web.savedrequest.RequestCacheAwareFilter@6ef27af9, org.springframework.security.web.servletapi.SecurityContextHolderAwareRequestFilter@4123ab16, org.springframework.security.web.authentication.AnonymousAuthenticationFilter@51421b7d, org.springframework.security.web.access.ExceptionTranslationFilter@7eaa3a93, org.springframework.security.web.access.intercept.AuthorizationFilter@f94fc29]
2024-03-28T02:40:29.565+02:00  INFO 20142 --- [           main] o.a.c.c.C.[Tomcat].[localhost].[/]       : Initializing Spring TestDispatcherServlet ''
2024-03-28T02:40:29.565+02:00  INFO 20142 --- [           main] o.s.t.web.servlet.TestDispatcherServlet  : Initializing Servlet ''
2024-03-28T02:40:29.566+02:00  INFO 20142 --- [           main] o.s.t.web.servlet.TestDispatcherServlet  : Completed initialization in 1 ms
2024-03-28T02:40:29.579+02:00  INFO 20142 --- [           main] o.s.b.w.embedded.tomcat.TomcatWebServer  : Tomcat started on port 50403 (http) with context path ''
2024-03-28T02:40:29.591+02:00  INFO 20142 --- [           main] c.f.k.acceptance.LoanAcceptanceTests     : Started LoanAcceptanceTests in 1.311 seconds (process running for 17.074)
]]></system-out>
  </testcase>
  <testcase name="findAllApprovedClientLoans_success" classname="com.financehw.kernius.acceptance.LoanAcceptanceTests" time="1.131">
    <system-out><![CDATA[2024-03-28T02:40:29.747+02:00  INFO 20142 --- [           main] j.LocalContainerEntityManagerFactoryBean : Closing JPA EntityManagerFactory for persistence unit 'default'
2024-03-28T02:40:29.750+02:00  INFO 20142 --- [           main] com.zaxxer.hikari.HikariDataSource       : HikariPool-4 - Shutdown initiated...
2024-03-28T02:40:29.751+02:00  INFO 20142 --- [           main] com.zaxxer.hikari.HikariDataSource       : HikariPool-4 - Shutdown completed.

  .   ____          _            __ _ _
 /\\ / ___'_ __ _ _(_)_ __  __ _ \ \ \ \
( ( )\___ | '_ | '_| | '_ \/ _` | \ \ \ \
 \\/  ___)| |_)| | | | | || (_| |  ) ) ) )
  '  |____| .__|_| |_|_| |_\__, | / / / /
 =========|_|==============|___/=/_/_/_/
 :: Spring Boot ::                (v3.2.3)

2024-03-28T02:40:29.826+02:00  INFO 20142 --- [           main] c.f.k.acceptance.LoanAcceptanceTests     : Starting LoanAcceptanceTests using Java 18.0.2.1 with PID 20142 (started by kernius in /Users/kernius/Downloads/kernius)
2024-03-28T02:40:29.828+02:00  INFO 20142 --- [           main] c.f.k.acceptance.LoanAcceptanceTests     : The following 1 profile is active: "test"
2024-03-28T02:40:30.101+02:00  INFO 20142 --- [           main] .s.d.r.c.RepositoryConfigurationDelegate : Bootstrapping Spring Data JPA repositories in DEFAULT mode.
2024-03-28T02:40:30.115+02:00  INFO 20142 --- [           main] .s.d.r.c.RepositoryConfigurationDelegate : Finished Spring Data repository scanning in 13 ms. Found 3 JPA repository interfaces.
2024-03-28T02:40:30.212+02:00  INFO 20142 --- [           main] o.s.b.w.embedded.tomcat.TomcatWebServer  : Tomcat initialized with port 0 (http)
2024-03-28T02:40:30.216+02:00  INFO 20142 --- [           main] o.apache.catalina.core.StandardService   : Starting service [Tomcat]
2024-03-28T02:40:30.216+02:00  INFO 20142 --- [           main] o.apache.catalina.core.StandardEngine    : Starting Servlet engine: [Apache Tomcat/10.1.19]
2024-03-28T02:40:30.232+02:00  INFO 20142 --- [           main] o.a.c.c.C.[Tomcat].[localhost].[/]       : Initializing Spring embedded WebApplicationContext
2024-03-28T02:40:30.232+02:00  INFO 20142 --- [           main] w.s.c.ServletWebServerApplicationContext : Root WebApplicationContext: initialization completed in 401 ms
2024-03-28T02:40:30.263+02:00  INFO 20142 --- [           main] com.zaxxer.hikari.HikariDataSource       : HikariPool-5 - Starting...
2024-03-28T02:40:30.271+02:00  INFO 20142 --- [           main] com.zaxxer.hikari.pool.HikariPool        : HikariPool-5 - Added connection conn40: url=jdbc:h2:mem:document-collector user=SA
2024-03-28T02:40:30.271+02:00  INFO 20142 --- [           main] com.zaxxer.hikari.HikariDataSource       : HikariPool-5 - Start completed.
2024-03-28T02:40:30.283+02:00  INFO 20142 --- [           main] org.flywaydb.core.FlywayExecutor         : Database: jdbc:h2:mem:document-collector (H2 2.2)
2024-03-28T02:40:30.287+02:00  WARN 20142 --- [           main] o.f.c.internal.database.base.Database    : Flyway upgrade recommended: H2 2.2.224 is newer than this version of Flyway and support has not been tested. The latest supported version of H2 is 2.2.220.
2024-03-28T02:40:30.292+02:00  INFO 20142 --- [           main] o.f.c.i.s.JdbcTableSchemaHistory         : Schema history table "PUBLIC"."flyway_schema_history" does not exist yet
2024-03-28T02:40:30.292+02:00  INFO 20142 --- [           main] o.f.core.internal.command.DbValidate     : Successfully validated 2 migrations (execution time 00:00.003s)
2024-03-28T02:40:30.294+02:00  INFO 20142 --- [           main] o.f.c.i.s.JdbcTableSchemaHistory         : Creating Schema History table "PUBLIC"."flyway_schema_history" ...
2024-03-28T02:40:30.305+02:00  INFO 20142 --- [           main] o.f.core.internal.command.DbMigrate      : Current version of schema "PUBLIC": << Empty Schema >>
2024-03-28T02:40:30.308+02:00  INFO 20142 --- [           main] o.f.core.internal.command.DbMigrate      : Migrating schema "PUBLIC" to version "1 - initial-schema"
2024-03-28T02:40:30.336+02:00  INFO 20142 --- [           main] o.f.core.internal.command.DbMigrate      : Migrating schema "PUBLIC" to version "1.2 - insert-test-data"
2024-03-28T02:40:30.349+02:00  INFO 20142 --- [           main] o.f.core.internal.command.DbMigrate      : Successfully applied 2 migrations to schema "PUBLIC", now at version v1.2 (execution time 00:00.024s)
2024-03-28T02:40:30.376+02:00  INFO 20142 --- [           main] o.hibernate.jpa.internal.util.LogHelper  : HHH000204: Processing PersistenceUnitInfo [name: default]
2024-03-28T02:40:30.380+02:00  INFO 20142 --- [           main] o.h.c.internal.RegionFactoryInitiator    : HHH000026: Second-level cache disabled
2024-03-28T02:40:30.385+02:00  INFO 20142 --- [           main] o.s.o.j.p.SpringPersistenceUnitInfo      : No LoadTimeWeaver setup: ignoring JPA class transformer
2024-03-28T02:40:30.387+02:00  WARN 20142 --- [           main] org.hibernate.orm.deprecation            : HHH90000025: H2Dialect does not need to be specified explicitly using 'hibernate.dialect' (remove the property setting and it will be selected by default)
2024-03-28T02:40:30.556+02:00  INFO 20142 --- [           main] o.h.e.t.j.p.i.JtaPlatformInitiator       : HHH000489: No JTA platform available (set 'hibernate.transaction.jta.platform' to enable JTA platform integration)
2024-03-28T02:40:30.556+02:00  INFO 20142 --- [           main] j.LocalContainerEntityManagerFactoryBean : Initialized JPA EntityManagerFactory for persistence unit 'default'
2024-03-28T02:40:30.685+02:00  WARN 20142 --- [           main] JpaBaseConfiguration$JpaWebConfiguration : spring.jpa.open-in-view is enabled by default. Therefore, database queries may be performed during view rendering. Explicitly configure spring.jpa.open-in-view to disable this warning
2024-03-28T02:40:30.690+02:00  WARN 20142 --- [           main] .s.s.UserDetailsServiceAutoConfiguration : 

Using generated security password: 7e30905a-9860-43b3-a75e-b7424b1cba8a

This generated password is for development use only. Your security configuration must be updated before running your application in production.

2024-03-28T02:40:30.752+02:00  INFO 20142 --- [           main] o.s.s.web.DefaultSecurityFilterChain     : Will secure any request with [org.springframework.security.web.session.DisableEncodeUrlFilter@20defbeb, org.springframework.security.web.context.request.async.WebAsyncManagerIntegrationFilter@1eb738e5, org.springframework.security.web.context.SecurityContextHolderFilter@6edfb42d, org.springframework.security.web.header.HeaderWriterFilter@2a73e9d7, org.springframework.web.filter.CorsFilter@456c2b84, org.springframework.security.web.authentication.logout.LogoutFilter@2393b885, org.springframework.security.web.savedrequest.RequestCacheAwareFilter@147c3b73, org.springframework.security.web.servletapi.SecurityContextHolderAwareRequestFilter@5767053, org.springframework.security.web.authentication.AnonymousAuthenticationFilter@38e0ccf3, org.springframework.security.web.access.ExceptionTranslationFilter@74ccbafd, org.springframework.security.web.access.intercept.AuthorizationFilter@6083be44]
2024-03-28T02:40:30.823+02:00  INFO 20142 --- [           main] o.a.c.c.C.[Tomcat].[localhost].[/]       : Initializing Spring TestDispatcherServlet ''
2024-03-28T02:40:30.824+02:00  INFO 20142 --- [           main] o.s.t.web.servlet.TestDispatcherServlet  : Initializing Servlet ''
2024-03-28T02:40:30.824+02:00  INFO 20142 --- [           main] o.s.t.web.servlet.TestDispatcherServlet  : Completed initialization in 0 ms
2024-03-28T02:40:30.835+02:00  INFO 20142 --- [           main] o.s.b.w.embedded.tomcat.TomcatWebServer  : Tomcat started on port 50405 (http) with context path ''
2024-03-28T02:40:30.839+02:00  INFO 20142 --- [           main] c.f.k.acceptance.LoanAcceptanceTests     : Started LoanAcceptanceTests in 1.082 seconds (process running for 18.322)
]]></system-out>
  </testcase>
  <testcase name="applyForLoan_fail_maxAmountRiskHours" classname="com.financehw.kernius.acceptance.LoanAcceptanceTests" time="1.196">
    <system-out><![CDATA[2024-03-28T02:40:30.883+02:00  INFO 20142 --- [           main] j.LocalContainerEntityManagerFactoryBean : Closing JPA EntityManagerFactory for persistence unit 'default'
2024-03-28T02:40:30.884+02:00  INFO 20142 --- [           main] com.zaxxer.hikari.HikariDataSource       : HikariPool-5 - Shutdown initiated...
2024-03-28T02:40:30.887+02:00  INFO 20142 --- [           main] com.zaxxer.hikari.HikariDataSource       : HikariPool-5 - Shutdown completed.

  .   ____          _            __ _ _
 /\\ / ___'_ __ _ _(_)_ __  __ _ \ \ \ \
( ( )\___ | '_ | '_| | '_ \/ _` | \ \ \ \
 \\/  ___)| |_)| | | | | || (_| |  ) ) ) )
  '  |____| .__|_| |_|_| |_\__, | / / / /
 =========|_|==============|___/=/_/_/_/
 :: Spring Boot ::                (v3.2.3)

2024-03-28T02:40:30.972+02:00  INFO 20142 --- [           main] c.f.k.acceptance.LoanAcceptanceTests     : Starting LoanAcceptanceTests using Java 18.0.2.1 with PID 20142 (started by kernius in /Users/kernius/Downloads/kernius)
2024-03-28T02:40:30.972+02:00  INFO 20142 --- [           main] c.f.k.acceptance.LoanAcceptanceTests     : The following 1 profile is active: "test"
2024-03-28T02:40:31.258+02:00  INFO 20142 --- [           main] .s.d.r.c.RepositoryConfigurationDelegate : Bootstrapping Spring Data JPA repositories in DEFAULT mode.
2024-03-28T02:40:31.313+02:00  INFO 20142 --- [           main] .s.d.r.c.RepositoryConfigurationDelegate : Finished Spring Data repository scanning in 49 ms. Found 3 JPA repository interfaces.
2024-03-28T02:40:31.449+02:00  INFO 20142 --- [           main] o.s.b.w.embedded.tomcat.TomcatWebServer  : Tomcat initialized with port 0 (http)
2024-03-28T02:40:31.452+02:00  INFO 20142 --- [           main] o.apache.catalina.core.StandardService   : Starting service [Tomcat]
2024-03-28T02:40:31.452+02:00  INFO 20142 --- [           main] o.apache.catalina.core.StandardEngine    : Starting Servlet engine: [Apache Tomcat/10.1.19]
2024-03-28T02:40:31.467+02:00  INFO 20142 --- [           main] o.a.c.c.C.[Tomcat].[localhost].[/]       : Initializing Spring embedded WebApplicationContext
2024-03-28T02:40:31.469+02:00  INFO 20142 --- [           main] w.s.c.ServletWebServerApplicationContext : Root WebApplicationContext: initialization completed in 495 ms
2024-03-28T02:40:31.508+02:00  INFO 20142 --- [           main] com.zaxxer.hikari.HikariDataSource       : HikariPool-6 - Starting...
2024-03-28T02:40:31.527+02:00  INFO 20142 --- [           main] com.zaxxer.hikari.pool.HikariPool        : HikariPool-6 - Added connection conn50: url=jdbc:h2:mem:document-collector user=SA
2024-03-28T02:40:31.527+02:00  INFO 20142 --- [           main] com.zaxxer.hikari.HikariDataSource       : HikariPool-6 - Start completed.
2024-03-28T02:40:31.541+02:00  INFO 20142 --- [           main] org.flywaydb.core.FlywayExecutor         : Database: jdbc:h2:mem:document-collector (H2 2.2)
2024-03-28T02:40:31.543+02:00  WARN 20142 --- [           main] o.f.c.internal.database.base.Database    : Flyway upgrade recommended: H2 2.2.224 is newer than this version of Flyway and support has not been tested. The latest supported version of H2 is 2.2.220.
2024-03-28T02:40:31.546+02:00  INFO 20142 --- [           main] o.f.c.i.s.JdbcTableSchemaHistory         : Schema history table "PUBLIC"."flyway_schema_history" does not exist yet
2024-03-28T02:40:31.547+02:00  INFO 20142 --- [           main] o.f.core.internal.command.DbValidate     : Successfully validated 2 migrations (execution time 00:00.002s)
2024-03-28T02:40:31.548+02:00  INFO 20142 --- [           main] o.f.c.i.s.JdbcTableSchemaHistory         : Creating Schema History table "PUBLIC"."flyway_schema_history" ...
2024-03-28T02:40:31.559+02:00  INFO 20142 --- [           main] o.f.core.internal.command.DbMigrate      : Current version of schema "PUBLIC": << Empty Schema >>
2024-03-28T02:40:31.563+02:00  INFO 20142 --- [           main] o.f.core.internal.command.DbMigrate      : Migrating schema "PUBLIC" to version "1 - initial-schema"
2024-03-28T02:40:31.579+02:00  INFO 20142 --- [           main] o.f.core.internal.command.DbMigrate      : Migrating schema "PUBLIC" to version "1.2 - insert-test-data"
2024-03-28T02:40:31.588+02:00  INFO 20142 --- [           main] o.f.core.internal.command.DbMigrate      : Successfully applied 2 migrations to schema "PUBLIC", now at version v1.2 (execution time 00:00.017s)
2024-03-28T02:40:31.612+02:00  INFO 20142 --- [           main] o.hibernate.jpa.internal.util.LogHelper  : HHH000204: Processing PersistenceUnitInfo [name: default]
2024-03-28T02:40:31.616+02:00  INFO 20142 --- [           main] o.h.c.internal.RegionFactoryInitiator    : HHH000026: Second-level cache disabled
2024-03-28T02:40:31.621+02:00  INFO 20142 --- [           main] o.s.o.j.p.SpringPersistenceUnitInfo      : No LoadTimeWeaver setup: ignoring JPA class transformer
2024-03-28T02:40:31.623+02:00  WARN 20142 --- [           main] org.hibernate.orm.deprecation            : HHH90000025: H2Dialect does not need to be specified explicitly using 'hibernate.dialect' (remove the property setting and it will be selected by default)
2024-03-28T02:40:31.751+02:00  INFO 20142 --- [           main] o.h.e.t.j.p.i.JtaPlatformInitiator       : HHH000489: No JTA platform available (set 'hibernate.transaction.jta.platform' to enable JTA platform integration)
2024-03-28T02:40:31.751+02:00  INFO 20142 --- [           main] j.LocalContainerEntityManagerFactoryBean : Initialized JPA EntityManagerFactory for persistence unit 'default'
2024-03-28T02:40:31.895+02:00  WARN 20142 --- [           main] JpaBaseConfiguration$JpaWebConfiguration : spring.jpa.open-in-view is enabled by default. Therefore, database queries may be performed during view rendering. Explicitly configure spring.jpa.open-in-view to disable this warning
2024-03-28T02:40:31.901+02:00  WARN 20142 --- [           main] .s.s.UserDetailsServiceAutoConfiguration : 

Using generated security password: 6335511e-a4fc-42b9-97e4-8ebd62aba430

This generated password is for development use only. Your security configuration must be updated before running your application in production.

2024-03-28T02:40:31.963+02:00  INFO 20142 --- [           main] o.s.s.web.DefaultSecurityFilterChain     : Will secure any request with [org.springframework.security.web.session.DisableEncodeUrlFilter@5a0d2ed8, org.springframework.security.web.context.request.async.WebAsyncManagerIntegrationFilter@6da63893, org.springframework.security.web.context.SecurityContextHolderFilter@26aeeac9, org.springframework.security.web.header.HeaderWriterFilter@35ae7e38, org.springframework.web.filter.CorsFilter@279b5232, org.springframework.security.web.authentication.logout.LogoutFilter@35d0499b, org.springframework.security.web.savedrequest.RequestCacheAwareFilter@5897c246, org.springframework.security.web.servletapi.SecurityContextHolderAwareRequestFilter@22e0fab5, org.springframework.security.web.authentication.AnonymousAuthenticationFilter@4b7cb8a0, org.springframework.security.web.access.ExceptionTranslationFilter@243bc6df, org.springframework.security.web.access.intercept.AuthorizationFilter@76a34504]
2024-03-28T02:40:32.019+02:00  INFO 20142 --- [           main] o.a.c.c.C.[Tomcat].[localhost].[/]       : Initializing Spring TestDispatcherServlet ''
2024-03-28T02:40:32.020+02:00  INFO 20142 --- [           main] o.s.t.web.servlet.TestDispatcherServlet  : Initializing Servlet ''
2024-03-28T02:40:32.020+02:00  INFO 20142 --- [           main] o.s.t.web.servlet.TestDispatcherServlet  : Completed initialization in 0 ms
2024-03-28T02:40:32.029+02:00  INFO 20142 --- [           main] o.s.b.w.embedded.tomcat.TomcatWebServer  : Tomcat started on port 50407 (http) with context path ''
2024-03-28T02:40:32.033+02:00  INFO 20142 --- [           main] c.f.k.acceptance.LoanAcceptanceTests     : Started LoanAcceptanceTests in 1.142 seconds (process running for 19.515)
]]></system-out>
  </testcase>
  <testcase name="applyForLoan_success" classname="com.financehw.kernius.acceptance.LoanAcceptanceTests" time="1.143">
    <system-out><![CDATA[2024-03-28T02:40:32.083+02:00  INFO 20142 --- [           main] j.LocalContainerEntityManagerFactoryBean : Closing JPA EntityManagerFactory for persistence unit 'default'
2024-03-28T02:40:32.085+02:00  INFO 20142 --- [           main] com.zaxxer.hikari.HikariDataSource       : HikariPool-6 - Shutdown initiated...
2024-03-28T02:40:32.087+02:00  INFO 20142 --- [           main] com.zaxxer.hikari.HikariDataSource       : HikariPool-6 - Shutdown completed.

  .   ____          _            __ _ _
 /\\ / ___'_ __ _ _(_)_ __  __ _ \ \ \ \
( ( )\___ | '_ | '_| | '_ \/ _` | \ \ \ \
 \\/  ___)| |_)| | | | | || (_| |  ) ) ) )
  '  |____| .__|_| |_|_| |_\__, | / / / /
 =========|_|==============|___/=/_/_/_/
 :: Spring Boot ::                (v3.2.3)

2024-03-28T02:40:32.144+02:00  INFO 20142 --- [           main] c.f.k.acceptance.LoanAcceptanceTests     : Starting LoanAcceptanceTests using Java 18.0.2.1 with PID 20142 (started by kernius in /Users/kernius/Downloads/kernius)
2024-03-28T02:40:32.144+02:00  INFO 20142 --- [           main] c.f.k.acceptance.LoanAcceptanceTests     : The following 1 profile is active: "test"
2024-03-28T02:40:32.464+02:00  INFO 20142 --- [           main] .s.d.r.c.RepositoryConfigurationDelegate : Bootstrapping Spring Data JPA repositories in DEFAULT mode.
2024-03-28T02:40:32.500+02:00  INFO 20142 --- [           main] .s.d.r.c.RepositoryConfigurationDelegate : Finished Spring Data repository scanning in 31 ms. Found 3 JPA repository interfaces.
2024-03-28T02:40:32.617+02:00  INFO 20142 --- [           main] o.s.b.w.embedded.tomcat.TomcatWebServer  : Tomcat initialized with port 0 (http)
2024-03-28T02:40:32.620+02:00  INFO 20142 --- [           main] o.apache.catalina.core.StandardService   : Starting service [Tomcat]
2024-03-28T02:40:32.621+02:00  INFO 20142 --- [           main] o.apache.catalina.core.StandardEngine    : Starting Servlet engine: [Apache Tomcat/10.1.19]
2024-03-28T02:40:32.638+02:00  INFO 20142 --- [           main] o.a.c.c.C.[Tomcat].[localhost].[/]       : Initializing Spring embedded WebApplicationContext
2024-03-28T02:40:32.639+02:00  INFO 20142 --- [           main] w.s.c.ServletWebServerApplicationContext : Root WebApplicationContext: initialization completed in 492 ms
2024-03-28T02:40:32.690+02:00  INFO 20142 --- [           main] com.zaxxer.hikari.HikariDataSource       : HikariPool-7 - Starting...
2024-03-28T02:40:32.706+02:00  INFO 20142 --- [           main] com.zaxxer.hikari.pool.HikariPool        : HikariPool-7 - Added connection conn60: url=jdbc:h2:mem:document-collector user=SA
2024-03-28T02:40:32.706+02:00  INFO 20142 --- [           main] com.zaxxer.hikari.HikariDataSource       : HikariPool-7 - Start completed.
2024-03-28T02:40:32.718+02:00  INFO 20142 --- [           main] org.flywaydb.core.FlywayExecutor         : Database: jdbc:h2:mem:document-collector (H2 2.2)
2024-03-28T02:40:32.722+02:00  WARN 20142 --- [           main] o.f.c.internal.database.base.Database    : Flyway upgrade recommended: H2 2.2.224 is newer than this version of Flyway and support has not been tested. The latest supported version of H2 is 2.2.220.
2024-03-28T02:40:32.725+02:00  INFO 20142 --- [           main] o.f.c.i.s.JdbcTableSchemaHistory         : Schema history table "PUBLIC"."flyway_schema_history" does not exist yet
2024-03-28T02:40:32.725+02:00  INFO 20142 --- [           main] o.f.core.internal.command.DbValidate     : Successfully validated 2 migrations (execution time 00:00.002s)
2024-03-28T02:40:32.727+02:00  INFO 20142 --- [           main] o.f.c.i.s.JdbcTableSchemaHistory         : Creating Schema History table "PUBLIC"."flyway_schema_history" ...
2024-03-28T02:40:32.745+02:00  INFO 20142 --- [           main] o.f.core.internal.command.DbMigrate      : Current version of schema "PUBLIC": << Empty Schema >>
2024-03-28T02:40:32.748+02:00  INFO 20142 --- [           main] o.f.core.internal.command.DbMigrate      : Migrating schema "PUBLIC" to version "1 - initial-schema"
2024-03-28T02:40:32.769+02:00  INFO 20142 --- [           main] o.f.core.internal.command.DbMigrate      : Migrating schema "PUBLIC" to version "1.2 - insert-test-data"
2024-03-28T02:40:32.777+02:00  INFO 20142 --- [           main] o.f.core.internal.command.DbMigrate      : Successfully applied 2 migrations to schema "PUBLIC", now at version v1.2 (execution time 00:00.017s)
2024-03-28T02:40:32.803+02:00  INFO 20142 --- [           main] o.hibernate.jpa.internal.util.LogHelper  : HHH000204: Processing PersistenceUnitInfo [name: default]
2024-03-28T02:40:32.806+02:00  INFO 20142 --- [           main] o.h.c.internal.RegionFactoryInitiator    : HHH000026: Second-level cache disabled
2024-03-28T02:40:32.814+02:00  INFO 20142 --- [           main] o.s.o.j.p.SpringPersistenceUnitInfo      : No LoadTimeWeaver setup: ignoring JPA class transformer
2024-03-28T02:40:32.816+02:00  WARN 20142 --- [           main] org.hibernate.orm.deprecation            : HHH90000025: H2Dialect does not need to be specified explicitly using 'hibernate.dialect' (remove the property setting and it will be selected by default)
2024-03-28T02:40:32.919+02:00  INFO 20142 --- [           main] o.h.e.t.j.p.i.JtaPlatformInitiator       : HHH000489: No JTA platform available (set 'hibernate.transaction.jta.platform' to enable JTA platform integration)
2024-03-28T02:40:32.919+02:00  INFO 20142 --- [           main] j.LocalContainerEntityManagerFactoryBean : Initialized JPA EntityManagerFactory for persistence unit 'default'
2024-03-28T02:40:33.039+02:00  WARN 20142 --- [           main] JpaBaseConfiguration$JpaWebConfiguration : spring.jpa.open-in-view is enabled by default. Therefore, database queries may be performed during view rendering. Explicitly configure spring.jpa.open-in-view to disable this warning
2024-03-28T02:40:33.045+02:00  WARN 20142 --- [           main] .s.s.UserDetailsServiceAutoConfiguration : 

Using generated security password: f3ed1ad0-1bce-433b-b731-17182b6158f7

This generated password is for development use only. Your security configuration must be updated before running your application in production.

2024-03-28T02:40:33.122+02:00  INFO 20142 --- [           main] o.s.s.web.DefaultSecurityFilterChain     : Will secure any request with [org.springframework.security.web.session.DisableEncodeUrlFilter@1be2c8a4, org.springframework.security.web.context.request.async.WebAsyncManagerIntegrationFilter@6c035744, org.springframework.security.web.context.SecurityContextHolderFilter@28f95943, org.springframework.security.web.header.HeaderWriterFilter@226451a2, org.springframework.web.filter.CorsFilter@327fe02d, org.springframework.security.web.authentication.logout.LogoutFilter@4246aa06, org.springframework.security.web.savedrequest.RequestCacheAwareFilter@717ca1ee, org.springframework.security.web.servletapi.SecurityContextHolderAwareRequestFilter@20fe60ea, org.springframework.security.web.authentication.AnonymousAuthenticationFilter@69b45d36, org.springframework.security.web.access.ExceptionTranslationFilter@607624b7, org.springframework.security.web.access.intercept.AuthorizationFilter@50bd37f]
2024-03-28T02:40:33.175+02:00  INFO 20142 --- [           main] o.a.c.c.C.[Tomcat].[localhost].[/]       : Initializing Spring TestDispatcherServlet ''
2024-03-28T02:40:33.175+02:00  INFO 20142 --- [           main] o.s.t.web.servlet.TestDispatcherServlet  : Initializing Servlet ''
2024-03-28T02:40:33.175+02:00  INFO 20142 --- [           main] o.s.t.web.servlet.TestDispatcherServlet  : Completed initialization in 0 ms
2024-03-28T02:40:33.187+02:00  INFO 20142 --- [           main] o.s.b.w.embedded.tomcat.TomcatWebServer  : Tomcat started on port 50409 (http) with context path ''
2024-03-28T02:40:33.191+02:00  INFO 20142 --- [           main] c.f.k.acceptance.LoanAcceptanceTests     : Started LoanAcceptanceTests in 1.1 seconds (process running for 20.674)
]]></system-out>
  </testcase>
  <testcase name="findAllClientLoans_success" classname="com.financehw.kernius.acceptance.LoanAcceptanceTests" time="0.736">
    <system-out><![CDATA[2024-03-28T02:40:33.241+02:00  INFO 20142 --- [           main] j.LocalContainerEntityManagerFactoryBean : Closing JPA EntityManagerFactory for persistence unit 'default'
2024-03-28T02:40:33.241+02:00  INFO 20142 --- [           main] com.zaxxer.hikari.HikariDataSource       : HikariPool-7 - Shutdown initiated...
2024-03-28T02:40:33.243+02:00  INFO 20142 --- [           main] com.zaxxer.hikari.HikariDataSource       : HikariPool-7 - Shutdown completed.

  .   ____          _            __ _ _
 /\\ / ___'_ __ _ _(_)_ __  __ _ \ \ \ \
( ( )\___ | '_ | '_| | '_ \/ _` | \ \ \ \
 \\/  ___)| |_)| | | | | || (_| |  ) ) ) )
  '  |____| .__|_| |_|_| |_\__, | / / / /
 =========|_|==============|___/=/_/_/_/
 :: Spring Boot ::                (v3.2.3)

2024-03-28T02:40:33.288+02:00  INFO 20142 --- [           main] c.f.k.acceptance.LoanAcceptanceTests     : Starting LoanAcceptanceTests using Java 18.0.2.1 with PID 20142 (started by kernius in /Users/kernius/Downloads/kernius)
2024-03-28T02:40:33.289+02:00  INFO 20142 --- [           main] c.f.k.acceptance.LoanAcceptanceTests     : The following 1 profile is active: "test"
2024-03-28T02:40:33.448+02:00  INFO 20142 --- [           main] .s.d.r.c.RepositoryConfigurationDelegate : Bootstrapping Spring Data JPA repositories in DEFAULT mode.
2024-03-28T02:40:33.458+02:00  INFO 20142 --- [           main] .s.d.r.c.RepositoryConfigurationDelegate : Finished Spring Data repository scanning in 9 ms. Found 3 JPA repository interfaces.
2024-03-28T02:40:33.539+02:00  INFO 20142 --- [           main] o.s.b.w.embedded.tomcat.TomcatWebServer  : Tomcat initialized with port 0 (http)
2024-03-28T02:40:33.540+02:00  INFO 20142 --- [           main] o.apache.catalina.core.StandardService   : Starting service [Tomcat]
2024-03-28T02:40:33.540+02:00  INFO 20142 --- [           main] o.apache.catalina.core.StandardEngine    : Starting Servlet engine: [Apache Tomcat/10.1.19]
2024-03-28T02:40:33.559+02:00  INFO 20142 --- [           main] o.a.c.c.C.[Tomcat].[localhost].[/]       : Initializing Spring embedded WebApplicationContext
2024-03-28T02:40:33.559+02:00  INFO 20142 --- [           main] w.s.c.ServletWebServerApplicationContext : Root WebApplicationContext: initialization completed in 268 ms
2024-03-28T02:40:33.588+02:00  INFO 20142 --- [           main] com.zaxxer.hikari.HikariDataSource       : HikariPool-8 - Starting...
2024-03-28T02:40:33.593+02:00  INFO 20142 --- [           main] com.zaxxer.hikari.pool.HikariPool        : HikariPool-8 - Added connection conn70: url=jdbc:h2:mem:document-collector user=SA
2024-03-28T02:40:33.593+02:00  INFO 20142 --- [           main] com.zaxxer.hikari.HikariDataSource       : HikariPool-8 - Start completed.
2024-03-28T02:40:33.599+02:00  INFO 20142 --- [           main] org.flywaydb.core.FlywayExecutor         : Database: jdbc:h2:mem:document-collector (H2 2.2)
2024-03-28T02:40:33.600+02:00  WARN 20142 --- [           main] o.f.c.internal.database.base.Database    : Flyway upgrade recommended: H2 2.2.224 is newer than this version of Flyway and support has not been tested. The latest supported version of H2 is 2.2.220.
2024-03-28T02:40:33.602+02:00  INFO 20142 --- [           main] o.f.c.i.s.JdbcTableSchemaHistory         : Schema history table "PUBLIC"."flyway_schema_history" does not exist yet
2024-03-28T02:40:33.602+02:00  INFO 20142 --- [           main] o.f.core.internal.command.DbValidate     : Successfully validated 2 migrations (execution time 00:00.001s)
2024-03-28T02:40:33.603+02:00  INFO 20142 --- [           main] o.f.c.i.s.JdbcTableSchemaHistory         : Creating Schema History table "PUBLIC"."flyway_schema_history" ...
2024-03-28T02:40:33.615+02:00  INFO 20142 --- [           main] o.f.core.internal.command.DbMigrate      : Current version of schema "PUBLIC": << Empty Schema >>
2024-03-28T02:40:33.618+02:00  INFO 20142 --- [           main] o.f.core.internal.command.DbMigrate      : Migrating schema "PUBLIC" to version "1 - initial-schema"
2024-03-28T02:40:33.626+02:00  INFO 20142 --- [           main] o.f.core.internal.command.DbMigrate      : Migrating schema "PUBLIC" to version "1.2 - insert-test-data"
2024-03-28T02:40:33.634+02:00  INFO 20142 --- [           main] o.f.core.internal.command.DbMigrate      : Successfully applied 2 migrations to schema "PUBLIC", now at version v1.2 (execution time 00:00.010s)
2024-03-28T02:40:33.651+02:00  INFO 20142 --- [           main] o.hibernate.jpa.internal.util.LogHelper  : HHH000204: Processing PersistenceUnitInfo [name: default]
2024-03-28T02:40:33.655+02:00  INFO 20142 --- [           main] o.h.c.internal.RegionFactoryInitiator    : HHH000026: Second-level cache disabled
2024-03-28T02:40:33.658+02:00  INFO 20142 --- [           main] o.s.o.j.p.SpringPersistenceUnitInfo      : No LoadTimeWeaver setup: ignoring JPA class transformer
2024-03-28T02:40:33.659+02:00  WARN 20142 --- [           main] org.hibernate.orm.deprecation            : HHH90000025: H2Dialect does not need to be specified explicitly using 'hibernate.dialect' (remove the property setting and it will be selected by default)
2024-03-28T02:40:33.740+02:00  INFO 20142 --- [           main] o.h.e.t.j.p.i.JtaPlatformInitiator       : HHH000489: No JTA platform available (set 'hibernate.transaction.jta.platform' to enable JTA platform integration)
2024-03-28T02:40:33.740+02:00  INFO 20142 --- [           main] j.LocalContainerEntityManagerFactoryBean : Initialized JPA EntityManagerFactory for persistence unit 'default'
2024-03-28T02:40:33.820+02:00  WARN 20142 --- [           main] JpaBaseConfiguration$JpaWebConfiguration : spring.jpa.open-in-view is enabled by default. Therefore, database queries may be performed during view rendering. Explicitly configure spring.jpa.open-in-view to disable this warning
2024-03-28T02:40:33.825+02:00  WARN 20142 --- [           main] .s.s.UserDetailsServiceAutoConfiguration : 

Using generated security password: bea0a7c6-6a71-4f3e-899d-077fa2475574

This generated password is for development use only. Your security configuration must be updated before running your application in production.

2024-03-28T02:40:33.877+02:00  INFO 20142 --- [           main] o.s.s.web.DefaultSecurityFilterChain     : Will secure any request with [org.springframework.security.web.session.DisableEncodeUrlFilter@7217b6b9, org.springframework.security.web.context.request.async.WebAsyncManagerIntegrationFilter@1f3f734f, org.springframework.security.web.context.SecurityContextHolderFilter@6576def5, org.springframework.security.web.header.HeaderWriterFilter@2cc7beea, org.springframework.web.filter.CorsFilter@743bd096, org.springframework.security.web.authentication.logout.LogoutFilter@4b34ce2a, org.springframework.security.web.savedrequest.RequestCacheAwareFilter@2b11ba6f, org.springframework.security.web.servletapi.SecurityContextHolderAwareRequestFilter@947e589, org.springframework.security.web.authentication.AnonymousAuthenticationFilter@4766d49a, org.springframework.security.web.access.ExceptionTranslationFilter@9856e3a, org.springframework.security.web.access.intercept.AuthorizationFilter@5b8d0c7f]
2024-03-28T02:40:33.926+02:00  INFO 20142 --- [           main] o.a.c.c.C.[Tomcat].[localhost].[/]       : Initializing Spring TestDispatcherServlet ''
2024-03-28T02:40:33.926+02:00  INFO 20142 --- [           main] o.s.t.web.servlet.TestDispatcherServlet  : Initializing Servlet ''
2024-03-28T02:40:33.927+02:00  INFO 20142 --- [           main] o.s.t.web.servlet.TestDispatcherServlet  : Completed initialization in 1 ms
2024-03-28T02:40:33.935+02:00  INFO 20142 --- [           main] o.s.b.w.embedded.tomcat.TomcatWebServer  : Tomcat started on port 50411 (http) with context path ''
2024-03-28T02:40:33.939+02:00  INFO 20142 --- [           main] c.f.k.acceptance.LoanAcceptanceTests     : Started LoanAcceptanceTests in 0.689 seconds (process running for 21.422)
]]></system-out>
  </testcase>
</testsuite>