<?xml version="1.0" encoding="UTF-8"?>
<testsuite xmlns:xsi="http://www.w3.org/2001/XMLSchema-instance" xsi:noNamespaceSchemaLocation="https://maven.apache.org/surefire/maven-surefire-plugin/xsd/surefire-test-report-3.0.xsd" version="3.0" name="com.financehw.kernius.acceptance.LoanExtensionAcceptanceTests" time="11.307" tests="2" errors="0" skipped="0" failures="0">
  <properties>
[...]
</properties>
  <testcase name="findAllClientLoanExtensions_success" classname="com.financehw.kernius.acceptance.LoanExtensionAcceptanceTests" time="2.052">
    <system-out><![CDATA[02:40:16.966 [main] INFO org.springframework.test.context.support.AnnotationConfigContextLoaderUtils -- Could not detect default configuration classes for test class [com.financehw.kernius.acceptance.LoanExtensionAcceptanceTests]: LoanExtensionAcceptanceTests does not declare any static, non-private, non-final, nested classes annotated with @Configuration.
02:40:17.152 [main] INFO org.springframework.boot.test.context.SpringBootTestContextBootstrapper -- Found @SpringBootConfiguration com.financehw.kernius.KerniusApplication for test class com.financehw.kernius.acceptance.LoanExtensionAcceptanceTests

  .   ____          _            __ _ _
 /\\ / ___'_ __ _ _(_)_ __  __ _ \ \ \ \
( ( )\___ | '_ | '_| | '_ \/ _` | \ \ \ \
 \\/  ___)| |_)| | | | | || (_| |  ) ) ) )
  '  |____| .__|_| |_|_| |_\__, | / / / /
 =========|_|==============|___/=/_/_/_/
 :: Spring Boot ::                (v3.2.3)

2024-03-28T02:40:17.976+02:00  INFO 20142 --- [           main] c.f.k.a.LoanExtensionAcceptanceTests     : Starting LoanExtensionAcceptanceTests using Java 18.0.2.1 with PID 20142 (started by kernius in /Users/kernius/Downloads/kernius)
2024-03-28T02:40:17.978+02:00  INFO 20142 --- [           main] c.f.k.a.LoanExtensionAcceptanceTests     : The following 1 profile is active: "test"
2024-03-28T02:40:19.512+02:00  INFO 20142 --- [           main] .s.d.r.c.RepositoryConfigurationDelegate : Bootstrapping Spring Data JPA repositories in DEFAULT mode.
2024-03-28T02:40:19.608+02:00  INFO 20142 --- [           main] .s.d.r.c.RepositoryConfigurationDelegate : Finished Spring Data repository scanning in 87 ms. Found 3 JPA repository interfaces.
2024-03-28T02:40:20.631+02:00  INFO 20142 --- [           main] o.s.b.w.embedded.tomcat.TomcatWebServer  : Tomcat initialized with port 0 (http)
2024-03-28T02:40:20.648+02:00  INFO 20142 --- [           main] o.apache.catalina.core.StandardService   : Starting service [Tomcat]
2024-03-28T02:40:20.648+02:00  INFO 20142 --- [           main] o.apache.catalina.core.StandardEngine    : Starting Servlet engine: [Apache Tomcat/10.1.19]
2024-03-28T02:40:20.733+02:00  INFO 20142 --- [           main] o.a.c.c.C.[Tomcat].[localhost].[/]       : Initializing Spring embedded WebApplicationContext
2024-03-28T02:40:20.737+02:00  INFO 20142 --- [           main] w.s.c.ServletWebServerApplicationContext : Root WebApplicationContext: initialization completed in 2715 ms
2024-03-28T02:40:20.987+02:00  INFO 20142 --- [           main] com.zaxxer.hikari.HikariDataSource       : HikariPool-1 - Starting...
2024-03-28T02:40:21.124+02:00  INFO 20142 --- [           main] com.zaxxer.hikari.pool.HikariPool        : HikariPool-1 - Added connection conn0: url=jdbc:h2:mem:document-collector user=SA
2024-03-28T02:40:21.126+02:00  INFO 20142 --- [           main] com.zaxxer.hikari.HikariDataSource       : HikariPool-1 - Start completed.
2024-03-28T02:40:21.219+02:00  INFO 20142 --- [           main] o.f.c.internal.license.VersionPrinter    : Flyway Community Edition 9.22.3 by Redgate
2024-03-28T02:40:21.220+02:00  INFO 20142 --- [           main] o.f.c.internal.license.VersionPrinter    : See release notes here: https://rd.gt/416ObMi
2024-03-28T02:40:21.220+02:00  INFO 20142 --- [           main] o.f.c.internal.license.VersionPrinter    : 
2024-03-28T02:40:21.261+02:00  INFO 20142 --- [           main] org.flywaydb.core.FlywayExecutor         : Database: jdbc:h2:mem:document-collector (H2 2.2)
2024-03-28T02:40:21.283+02:00  WARN 20142 --- [           main] o.f.c.internal.database.base.Database    : Flyway upgrade recommended: H2 2.2.224 is newer than this version of Flyway and support has not been tested. The latest supported version of H2 is 2.2.220.
2024-03-28T02:40:21.308+02:00  INFO 20142 --- [           main] o.f.c.i.s.JdbcTableSchemaHistory         : Schema history table "PUBLIC"."flyway_schema_history" does not exist yet
2024-03-28T02:40:21.311+02:00  INFO 20142 --- [           main] o.f.core.internal.command.DbValidate     : Successfully validated 2 migrations (execution time 00:00.015s)
2024-03-28T02:40:21.320+02:00  INFO 20142 --- [           main] o.f.c.i.s.JdbcTableSchemaHistory         : Creating Schema History table "PUBLIC"."flyway_schema_history" ...
2024-03-28T02:40:21.354+02:00  INFO 20142 --- [           main] o.f.core.internal.command.DbMigrate      : Current version of schema "PUBLIC": << Empty Schema >>
2024-03-28T02:40:21.365+02:00  INFO 20142 --- [           main] o.f.core.internal.command.DbMigrate      : Migrating schema "PUBLIC" to version "1 - initial-schema"
2024-03-28T02:40:21.401+02:00  INFO 20142 --- [           main] o.f.core.internal.command.DbMigrate      : Migrating schema "PUBLIC" to version "1.2 - insert-test-data"
2024-03-28T02:40:21.416+02:00  INFO 20142 --- [           main] o.f.core.internal.command.DbMigrate      : Successfully applied 2 migrations to schema "PUBLIC", now at version v1.2 (execution time 00:00.021s)
2024-03-28T02:40:21.573+02:00  INFO 20142 --- [           main] o.hibernate.jpa.internal.util.LogHelper  : HHH000204: Processing PersistenceUnitInfo [name: default]
2024-03-28T02:40:21.612+02:00  INFO 20142 --- [           main] org.hibernate.Version                    : HHH000412: Hibernate ORM core version 6.4.4.Final
2024-03-28T02:40:21.636+02:00  INFO 20142 --- [           main] o.h.c.internal.RegionFactoryInitiator    : HHH000026: Second-level cache disabled
2024-03-28T02:40:21.721+02:00  INFO 20142 --- [           main] o.s.o.j.p.SpringPersistenceUnitInfo      : No LoadTimeWeaver setup: ignoring JPA class transformer
2024-03-28T02:40:21.766+02:00  WARN 20142 --- [           main] org.hibernate.orm.deprecation            : HHH90000025: H2Dialect does not need to be specified explicitly using 'hibernate.dialect' (remove the property setting and it will be selected by default)
2024-03-28T02:40:22.701+02:00  INFO 20142 --- [           main] o.h.e.t.j.p.i.JtaPlatformInitiator       : HHH000489: No JTA platform available (set 'hibernate.transaction.jta.platform' to enable JTA platform integration)
2024-03-28T02:40:22.707+02:00  INFO 20142 --- [           main] j.LocalContainerEntityManagerFactoryBean : Initialized JPA EntityManagerFactory for persistence unit 'default'
2024-03-28T02:40:23.466+02:00  WARN 20142 --- [           main] JpaBaseConfiguration$JpaWebConfiguration : spring.jpa.open-in-view is enabled by default. Therefore, database queries may be performed during view rendering. Explicitly configure spring.jpa.open-in-view to disable this warning
2024-03-28T02:40:23.510+02:00  WARN 20142 --- [           main] .s.s.UserDetailsServiceAutoConfiguration : 

Using generated security password: 01e29f3a-6a38-4da6-8fbd-b24b7edfce66

This generated password is for development use only. Your security configuration must be updated before running your application in production.

2024-03-28T02:40:23.946+02:00  INFO 20142 --- [           main] o.s.s.web.DefaultSecurityFilterChain     : Will secure any request with [org.springframework.security.web.session.DisableEncodeUrlFilter@1c697ca0, org.springframework.security.web.context.request.async.WebAsyncManagerIntegrationFilter@2af5eab6, org.springframework.security.web.context.SecurityContextHolderFilter@249f95a2, org.springframework.security.web.header.HeaderWriterFilter@39584147, org.springframework.web.filter.CorsFilter@43347199, org.springframework.security.web.authentication.logout.LogoutFilter@4bcff08c, org.springframework.security.web.savedrequest.RequestCacheAwareFilter@70c741be, org.springframework.security.web.servletapi.SecurityContextHolderAwareRequestFilter@611d867, org.springframework.security.web.authentication.AnonymousAuthenticationFilter@3d1254b9, org.springframework.security.web.access.ExceptionTranslationFilter@78f649d3, org.springframework.security.web.access.intercept.AuthorizationFilter@39da0e47]
2024-03-28T02:40:24.440+02:00  INFO 20142 --- [           main] o.a.c.c.C.[Tomcat].[localhost].[/]       : Initializing Spring TestDispatcherServlet ''
2024-03-28T02:40:24.440+02:00  INFO 20142 --- [           main] o.s.t.web.servlet.TestDispatcherServlet  : Initializing Servlet ''
2024-03-28T02:40:24.441+02:00  INFO 20142 --- [           main] o.s.t.web.servlet.TestDispatcherServlet  : Completed initialization in 1 ms
2024-03-28T02:40:24.514+02:00  INFO 20142 --- [           main] o.s.b.w.embedded.tomcat.TomcatWebServer  : Tomcat started on port 50397 (http) with context path ''
2024-03-28T02:40:24.529+02:00  INFO 20142 --- [           main] c.f.k.a.LoanExtensionAcceptanceTests     : Started LoanExtensionAcceptanceTests in 7.161 seconds (process running for 12.012)
2024-03-28T02:40:24.590+02:00  INFO 20142 --- [           main] j.LocalContainerEntityManagerFactoryBean : Closing JPA EntityManagerFactory for persistence unit 'default'
2024-03-28T02:40:24.592+02:00  INFO 20142 --- [           main] com.zaxxer.hikari.HikariDataSource       : HikariPool-1 - Shutdown initiated...
2024-03-28T02:40:24.598+02:00  INFO 20142 --- [           main] com.zaxxer.hikari.HikariDataSource       : HikariPool-1 - Shutdown completed.

  .   ____          _            __ _ _
 /\\ / ___'_ __ _ _(_)_ __  __ _ \ \ \ \
( ( )\___ | '_ | '_| | '_ \/ _` | \ \ \ \
 \\/  ___)| |_)| | | | | || (_| |  ) ) ) )
  '  |____| .__|_| |_|_| |_\__, | / / / /
 =========|_|==============|___/=/_/_/_/
 :: Spring Boot ::                (v3.2.3)

2024-03-28T02:40:24.690+02:00  INFO 20142 --- [           main] c.f.k.a.LoanExtensionAcceptanceTests     : Starting LoanExtensionAcceptanceTests using Java 18.0.2.1 with PID 20142 (started by kernius in /Users/kernius/Downloads/kernius)
2024-03-28T02:40:24.691+02:00  INFO 20142 --- [           main] c.f.k.a.LoanExtensionAcceptanceTests     : The following 1 profile is active: "test"
2024-03-28T02:40:25.256+02:00  INFO 20142 --- [           main] .s.d.r.c.RepositoryConfigurationDelegate : Bootstrapping Spring Data JPA repositories in DEFAULT mode.
2024-03-28T02:40:25.299+02:00  INFO 20142 --- [           main] .s.d.r.c.RepositoryConfigurationDelegate : Finished Spring Data repository scanning in 40 ms. Found 3 JPA repository interfaces.
2024-03-28T02:40:25.510+02:00  INFO 20142 --- [           main] o.s.b.w.embedded.tomcat.TomcatWebServer  : Tomcat initialized with port 0 (http)
2024-03-28T02:40:25.513+02:00  INFO 20142 --- [           main] o.apache.catalina.core.StandardService   : Starting service [Tomcat]
2024-03-28T02:40:25.513+02:00  INFO 20142 --- [           main] o.apache.catalina.core.StandardEngine    : Starting Servlet engine: [Apache Tomcat/10.1.19]
2024-03-28T02:40:25.553+02:00  INFO 20142 --- [           main] o.a.c.c.C.[Tomcat].[localhost].[/]       : Initializing Spring embedded WebApplicationContext
2024-03-28T02:40:25.555+02:00  INFO 20142 --- [           main] w.s.c.ServletWebServerApplicationContext : Root WebApplicationContext: initialization completed in 862 ms
2024-03-28T02:40:25.662+02:00  INFO 20142 --- [           main] com.zaxxer.hikari.HikariDataSource       : HikariPool-2 - Starting...
2024-03-28T02:40:25.670+02:00  INFO 20142 --- [           main] com.zaxxer.hikari.pool.HikariPool        : HikariPool-2 - Added connection conn10: url=jdbc:h2:mem:document-collector user=SA
2024-03-28T02:40:25.670+02:00  INFO 20142 --- [           main] com.zaxxer.hikari.HikariDataSource       : HikariPool-2 - Start completed.
2024-03-28T02:40:25.692+02:00  INFO 20142 --- [           main] org.flywaydb.core.FlywayExecutor         : Database: jdbc:h2:mem:document-collector (H2 2.2)
2024-03-28T02:40:25.696+02:00  WARN 20142 --- [           main] o.f.c.internal.database.base.Database    : Flyway upgrade recommended: H2 2.2.224 is newer than this version of Flyway and support has not been tested. The latest supported version of H2 is 2.2.220.
2024-03-28T02:40:25.701+02:00  INFO 20142 --- [           main] o.f.c.i.s.JdbcTableSchemaHistory         : Schema history table "PUBLIC"."flyway_schema_history" does not exist yet
2024-03-28T02:40:25.702+02:00  INFO 20142 --- [           main] o.f.core.internal.command.DbValidate     : Successfully validated 2 migrations (execution time 00:00.002s)
2024-03-28T02:40:25.708+02:00  INFO 20142 --- [           main] o.f.c.i.s.JdbcTableSchemaHistory         : Creating Schema History table "PUBLIC"."flyway_schema_history" ...
2024-03-28T02:40:25.726+02:00  INFO 20142 --- [           main] o.f.core.internal.command.DbMigrate      : Current version of schema "PUBLIC": << Empty Schema >>
2024-03-28T02:40:25.738+02:00  INFO 20142 --- [           main] o.f.core.internal.command.DbMigrate      : Migrating schema "PUBLIC" to version "1 - initial-schema"
2024-03-28T02:40:25.762+02:00  INFO 20142 --- [           main] o.f.core.internal.command.DbMigrate      : Migrating schema "PUBLIC" to version "1.2 - insert-test-data"
2024-03-28T02:40:25.771+02:00  INFO 20142 --- [           main] o.f.core.internal.command.DbMigrate      : Successfully applied 2 migrations to schema "PUBLIC", now at version v1.2 (execution time 00:00.021s)
2024-03-28T02:40:25.816+02:00  INFO 20142 --- [           main] o.hibernate.jpa.internal.util.LogHelper  : HHH000204: Processing PersistenceUnitInfo [name: default]
2024-03-28T02:40:25.823+02:00  INFO 20142 --- [           main] o.h.c.internal.RegionFactoryInitiator    : HHH000026: Second-level cache disabled
2024-03-28T02:40:25.830+02:00  INFO 20142 --- [           main] o.s.o.j.p.SpringPersistenceUnitInfo      : No LoadTimeWeaver setup: ignoring JPA class transformer
2024-03-28T02:40:25.832+02:00  WARN 20142 --- [           main] org.hibernate.orm.deprecation            : HHH90000025: H2Dialect does not need to be specified explicitly using 'hibernate.dialect' (remove the property setting and it will be selected by default)
2024-03-28T02:40:25.981+02:00  INFO 20142 --- [           main] o.h.e.t.j.p.i.JtaPlatformInitiator       : HHH000489: No JTA platform available (set 'hibernate.transaction.jta.platform' to enable JTA platform integration)
2024-03-28T02:40:25.982+02:00  INFO 20142 --- [           main] j.LocalContainerEntityManagerFactoryBean : Initialized JPA EntityManagerFactory for persistence unit 'default'
2024-03-28T02:40:26.210+02:00  WARN 20142 --- [           main] JpaBaseConfiguration$JpaWebConfiguration : spring.jpa.open-in-view is enabled by default. Therefore, database queries may be performed during view rendering. Explicitly configure spring.jpa.open-in-view to disable this warning
2024-03-28T02:40:26.217+02:00  WARN 20142 --- [           main] .s.s.UserDetailsServiceAutoConfiguration : 

Using generated security password: dedec96d-4a8f-4f04-aecf-3e4a9f4477db

This generated password is for development use only. Your security configuration must be updated before running your application in production.

2024-03-28T02:40:26.305+02:00  INFO 20142 --- [           main] o.s.s.web.DefaultSecurityFilterChain     : Will secure any request with [org.springframework.security.web.session.DisableEncodeUrlFilter@16b5c059, org.springframework.security.web.context.request.async.WebAsyncManagerIntegrationFilter@482b6e57, org.springframework.security.web.context.SecurityContextHolderFilter@1df19e91, org.springframework.security.web.header.HeaderWriterFilter@5126c400, org.springframework.web.filter.CorsFilter@7a8d001b, org.springframework.security.web.authentication.logout.LogoutFilter@54214c34, org.springframework.security.web.savedrequest.RequestCacheAwareFilter@2fb0867c, org.springframework.security.web.servletapi.SecurityContextHolderAwareRequestFilter@2254919b, org.springframework.security.web.authentication.AnonymousAuthenticationFilter@3af64136, org.springframework.security.web.access.ExceptionTranslationFilter@1c322b6a, org.springframework.security.web.access.intercept.AuthorizationFilter@79d72d99]
2024-03-28T02:40:26.418+02:00  INFO 20142 --- [           main] o.a.c.c.C.[Tomcat].[localhost].[/]       : Initializing Spring TestDispatcherServlet ''
2024-03-28T02:40:26.418+02:00  INFO 20142 --- [           main] o.s.t.web.servlet.TestDispatcherServlet  : Initializing Servlet ''
2024-03-28T02:40:26.418+02:00  INFO 20142 --- [           main] o.s.t.web.servlet.TestDispatcherServlet  : Completed initialization in 0 ms
2024-03-28T02:40:26.433+02:00  INFO 20142 --- [           main] o.s.b.w.embedded.tomcat.TomcatWebServer  : Tomcat started on port 50399 (http) with context path ''
2024-03-28T02:40:26.442+02:00  INFO 20142 --- [           main] c.f.k.a.LoanExtensionAcceptanceTests     : Started LoanExtensionAcceptanceTests in 1.829 seconds (process running for 13.925)
]]></system-out>
  </testcase>
  <testcase name="extendLoan_success" classname="com.financehw.kernius.acceptance.LoanExtensionAcceptanceTests" time="1.505">
    <system-out><![CDATA[2024-03-28T02:40:26.627+02:00  INFO 20142 --- [           main] j.LocalContainerEntityManagerFactoryBean : Closing JPA EntityManagerFactory for persistence unit 'default'
2024-03-28T02:40:26.632+02:00  INFO 20142 --- [           main] com.zaxxer.hikari.HikariDataSource       : HikariPool-2 - Shutdown initiated...
2024-03-28T02:40:26.634+02:00  INFO 20142 --- [           main] com.zaxxer.hikari.HikariDataSource       : HikariPool-2 - Shutdown completed.

  .   ____          _            __ _ _
 /\\ / ___'_ __ _ _(_)_ __  __ _ \ \ \ \
( ( )\___ | '_ | '_| | '_ \/ _` | \ \ \ \
 \\/  ___)| |_)| | | | | || (_| |  ) ) ) )
  '  |____| .__|_| |_|_| |_\__, | / / / /
 =========|_|==============|___/=/_/_/_/
 :: Spring Boot ::                (v3.2.3)

2024-03-28T02:40:26.708+02:00  INFO 20142 --- [           main] c.f.k.a.LoanExtensionAcceptanceTests     : Starting LoanExtensionAcceptanceTests using Java 18.0.2.1 with PID 20142 (started by kernius in /Users/kernius/Downloads/kernius)
2024-03-28T02:40:26.709+02:00  INFO 20142 --- [           main] c.f.k.a.LoanExtensionAcceptanceTests     : The following 1 profile is active: "test"
2024-03-28T02:40:27.014+02:00  INFO 20142 --- [           main] .s.d.r.c.RepositoryConfigurationDelegate : Bootstrapping Spring Data JPA repositories in DEFAULT mode.
2024-03-28T02:40:27.035+02:00  INFO 20142 --- [           main] .s.d.r.c.RepositoryConfigurationDelegate : Finished Spring Data repository scanning in 20 ms. Found 3 JPA repository interfaces.
2024-03-28T02:40:27.163+02:00  INFO 20142 --- [           main] o.s.b.w.embedded.tomcat.TomcatWebServer  : Tomcat initialized with port 0 (http)
2024-03-28T02:40:27.164+02:00  INFO 20142 --- [           main] o.apache.catalina.core.StandardService   : Starting service [Tomcat]
2024-03-28T02:40:27.164+02:00  INFO 20142 --- [           main] o.apache.catalina.core.StandardEngine    : Starting Servlet engine: [Apache Tomcat/10.1.19]
2024-03-28T02:40:27.183+02:00  INFO 20142 --- [           main] o.a.c.c.C.[Tomcat].[localhost].[/]       : Initializing Spring embedded WebApplicationContext
2024-03-28T02:40:27.183+02:00  INFO 20142 --- [           main] w.s.c.ServletWebServerApplicationContext : Root WebApplicationContext: initialization completed in 468 ms
2024-03-28T02:40:27.222+02:00  INFO 20142 --- [           main] com.zaxxer.hikari.HikariDataSource       : HikariPool-3 - Starting...
2024-03-28T02:40:27.229+02:00  INFO 20142 --- [           main] com.zaxxer.hikari.pool.HikariPool        : HikariPool-3 - Added connection conn20: url=jdbc:h2:mem:document-collector user=SA
2024-03-28T02:40:27.229+02:00  INFO 20142 --- [           main] com.zaxxer.hikari.HikariDataSource       : HikariPool-3 - Start completed.
2024-03-28T02:40:27.237+02:00  INFO 20142 --- [           main] org.flywaydb.core.FlywayExecutor         : Database: jdbc:h2:mem:document-collector (H2 2.2)
2024-03-28T02:40:27.238+02:00  WARN 20142 --- [           main] o.f.c.internal.database.base.Database    : Flyway upgrade recommended: H2 2.2.224 is newer than this version of Flyway and support has not been tested. The latest supported version of H2 is 2.2.220.
2024-03-28T02:40:27.240+02:00  INFO 20142 --- [           main] o.f.c.i.s.JdbcTableSchemaHistory         : Schema history table "PUBLIC"."flyway_schema_history" does not exist yet
2024-03-28T02:40:27.240+02:00  INFO 20142 --- [           main] o.f.core.internal.command.DbValidate     : Successfully validated 2 migrations (execution time 00:00.001s)
2024-03-28T02:40:27.241+02:00  INFO 20142 --- [           main] o.f.c.i.s.JdbcTableSchemaHistory         : Creating Schema History table "PUBLIC"."flyway_schema_history" ...
2024-03-28T02:40:27.249+02:00  INFO 20142 --- [           main] o.f.core.internal.command.DbMigrate      : Current version of schema "PUBLIC": << Empty Schema >>
2024-03-28T02:40:27.259+02:00  INFO 20142 --- [           main] o.f.core.internal.command.DbMigrate      : Migrating schema "PUBLIC" to version "1 - initial-schema"
2024-03-28T02:40:27.280+02:00  INFO 20142 --- [           main] o.f.core.internal.command.DbMigrate      : Migrating schema "PUBLIC" to version "1.2 - insert-test-data"
2024-03-28T02:40:27.286+02:00  INFO 20142 --- [           main] o.f.core.internal.command.DbMigrate      : Successfully applied 2 migrations to schema "PUBLIC", now at version v1.2 (execution time 00:00.017s)
2024-03-28T02:40:27.319+02:00  INFO 20142 --- [           main] o.hibernate.jpa.internal.util.LogHelper  : HHH000204: Processing PersistenceUnitInfo [name: default]
2024-03-28T02:40:27.323+02:00  INFO 20142 --- [           main] o.h.c.internal.RegionFactoryInitiator    : HHH000026: Second-level cache disabled
2024-03-28T02:40:27.328+02:00  INFO 20142 --- [           main] o.s.o.j.p.SpringPersistenceUnitInfo      : No LoadTimeWeaver setup: ignoring JPA class transformer
2024-03-28T02:40:27.330+02:00  WARN 20142 --- [           main] org.hibernate.orm.deprecation            : HHH90000025: H2Dialect does not need to be specified explicitly using 'hibernate.dialect' (remove the property setting and it will be selected by default)
2024-03-28T02:40:27.468+02:00  INFO 20142 --- [           main] o.h.e.t.j.p.i.JtaPlatformInitiator       : HHH000489: No JTA platform available (set 'hibernate.transaction.jta.platform' to enable JTA platform integration)
2024-03-28T02:40:27.468+02:00  INFO 20142 --- [           main] j.LocalContainerEntityManagerFactoryBean : Initialized JPA EntityManagerFactory for persistence unit 'default'
2024-03-28T02:40:27.596+02:00  WARN 20142 --- [           main] JpaBaseConfiguration$JpaWebConfiguration : spring.jpa.open-in-view is enabled by default. Therefore, database queries may be performed during view rendering. Explicitly configure spring.jpa.open-in-view to disable this warning
2024-03-28T02:40:27.605+02:00  WARN 20142 --- [           main] .s.s.UserDetailsServiceAutoConfiguration : 

Using generated security password: 35b1ddfd-6bb2-45e9-85fb-1f0c7cedf53e

This generated password is for development use only. Your security configuration must be updated before running your application in production.

2024-03-28T02:40:27.763+02:00  INFO 20142 --- [           main] o.s.s.web.DefaultSecurityFilterChain     : Will secure any request with [org.springframework.security.web.session.DisableEncodeUrlFilter@34b4f6c3, org.springframework.security.web.context.request.async.WebAsyncManagerIntegrationFilter@7d45ffd, org.springframework.security.web.context.SecurityContextHolderFilter@127350d8, org.springframework.security.web.header.HeaderWriterFilter@52ebb73a, org.springframework.web.filter.CorsFilter@2f59f157, org.springframework.security.web.authentication.logout.LogoutFilter@1d35dcd4, org.springframework.security.web.savedrequest.RequestCacheAwareFilter@198ad9e0, org.springframework.security.web.servletapi.SecurityContextHolderAwareRequestFilter@1a958d2a, org.springframework.security.web.authentication.AnonymousAuthenticationFilter@60a4f677, org.springframework.security.web.access.ExceptionTranslationFilter@2d45db20, org.springframework.security.web.access.intercept.AuthorizationFilter@64f578eb]
2024-03-28T02:40:27.915+02:00  INFO 20142 --- [           main] o.a.c.c.C.[Tomcat].[localhost].[/]       : Initializing Spring TestDispatcherServlet ''
2024-03-28T02:40:27.917+02:00  INFO 20142 --- [           main] o.s.t.web.servlet.TestDispatcherServlet  : Initializing Servlet ''
2024-03-28T02:40:27.918+02:00  INFO 20142 --- [           main] o.s.t.web.servlet.TestDispatcherServlet  : Completed initialization in 1 ms
2024-03-28T02:40:27.943+02:00  INFO 20142 --- [           main] o.s.b.w.embedded.tomcat.TomcatWebServer  : Tomcat started on port 50401 (http) with context path ''
2024-03-28T02:40:27.951+02:00  INFO 20142 --- [           main] c.f.k.a.LoanExtensionAcceptanceTests     : Started LoanExtensionAcceptanceTests in 1.303 seconds (process running for 15.433)
]]></system-out>
  </testcase>
</testsuite>